[2025-10-24T11:00:40.655+0000] {processor.py:161} INFO - Started process (PID=164) to work on /opt/airflow/dags/ecar_dag.py
[2025-10-24T11:00:40.656+0000] {processor.py:830} INFO - Processing file /opt/airflow/dags/ecar_dag.py for tasks to queue
[2025-10-24T11:00:40.657+0000] {logging_mixin.py:188} INFO - [2025-10-24T11:00:40.656+0000] {dagbag.py:545} INFO - Filling up the DagBag from /opt/airflow/dags/ecar_dag.py
[2025-10-24T11:00:40.687+0000] {processor.py:840} INFO - DAG(s) 'ecar_etl_pipeline' retrieved from /opt/airflow/dags/ecar_dag.py
[2025-10-24T11:00:40.860+0000] {logging_mixin.py:188} INFO - [2025-10-24T11:00:40.859+0000] {override.py:1829} INFO - Created Permission View: can delete on DAG:ecar_etl_pipeline
[2025-10-24T11:00:40.863+0000] {logging_mixin.py:188} INFO - [2025-10-24T11:00:40.863+0000] {override.py:1829} INFO - Created Permission View: can read on DAG:ecar_etl_pipeline
[2025-10-24T11:00:40.867+0000] {logging_mixin.py:188} INFO - [2025-10-24T11:00:40.867+0000] {override.py:1829} INFO - Created Permission View: can edit on DAG:ecar_etl_pipeline
[2025-10-24T11:00:40.868+0000] {logging_mixin.py:188} INFO - [2025-10-24T11:00:40.867+0000] {dag.py:3096} INFO - Sync 1 DAGs
[2025-10-24T11:00:40.875+0000] {logging_mixin.py:188} INFO - [2025-10-24T11:00:40.875+0000] {dag.py:3118} INFO - Creating ORM DAG for ecar_etl_pipeline
[2025-10-24T11:00:40.883+0000] {logging_mixin.py:188} INFO - [2025-10-24T11:00:40.882+0000] {dag.py:3954} INFO - Setting next_dagrun for ecar_etl_pipeline to 2025-10-24 00:00:00+00:00, run_after=2025-10-25 00:00:00+00:00
[2025-10-24T11:00:40.906+0000] {processor.py:183} INFO - Processing /opt/airflow/dags/ecar_dag.py took 0.279 seconds
[2025-10-24T11:01:10.998+0000] {processor.py:161} INFO - Started process (PID=172) to work on /opt/airflow/dags/ecar_dag.py
[2025-10-24T11:01:10.999+0000] {processor.py:830} INFO - Processing file /opt/airflow/dags/ecar_dag.py for tasks to queue
[2025-10-24T11:01:11.001+0000] {logging_mixin.py:188} INFO - [2025-10-24T11:01:11.001+0000] {dagbag.py:545} INFO - Filling up the DagBag from /opt/airflow/dags/ecar_dag.py
[2025-10-24T11:01:11.019+0000] {processor.py:840} INFO - DAG(s) 'ecar_etl_pipeline' retrieved from /opt/airflow/dags/ecar_dag.py
[2025-10-24T11:01:11.047+0000] {logging_mixin.py:188} INFO - [2025-10-24T11:01:11.046+0000] {dag.py:3096} INFO - Sync 1 DAGs
[2025-10-24T11:01:11.065+0000] {logging_mixin.py:188} INFO - [2025-10-24T11:01:11.064+0000] {dag.py:3954} INFO - Setting next_dagrun for ecar_etl_pipeline to 2025-10-24 00:00:00+00:00, run_after=2025-10-25 00:00:00+00:00
[2025-10-24T11:01:11.073+0000] {processor.py:183} INFO - Processing /opt/airflow/dags/ecar_dag.py took 0.086 seconds
[2025-10-24T11:01:41.355+0000] {processor.py:161} INFO - Started process (PID=177) to work on /opt/airflow/dags/ecar_dag.py
[2025-10-24T11:01:41.356+0000] {processor.py:830} INFO - Processing file /opt/airflow/dags/ecar_dag.py for tasks to queue
[2025-10-24T11:01:41.359+0000] {logging_mixin.py:188} INFO - [2025-10-24T11:01:41.359+0000] {dagbag.py:545} INFO - Filling up the DagBag from /opt/airflow/dags/ecar_dag.py
[2025-10-24T11:01:41.374+0000] {processor.py:840} INFO - DAG(s) 'ecar_etl_pipeline' retrieved from /opt/airflow/dags/ecar_dag.py
[2025-10-24T11:01:41.407+0000] {logging_mixin.py:188} INFO - [2025-10-24T11:01:41.407+0000] {dag.py:3096} INFO - Sync 1 DAGs
[2025-10-24T11:01:41.421+0000] {logging_mixin.py:188} INFO - [2025-10-24T11:01:41.421+0000] {dag.py:3954} INFO - Setting next_dagrun for ecar_etl_pipeline to 2025-10-24 00:00:00+00:00, run_after=2025-10-25 00:00:00+00:00
[2025-10-24T11:01:41.429+0000] {processor.py:183} INFO - Processing /opt/airflow/dags/ecar_dag.py took 0.080 seconds
[2025-10-24T11:02:11.754+0000] {processor.py:161} INFO - Started process (PID=182) to work on /opt/airflow/dags/ecar_dag.py
[2025-10-24T11:02:11.755+0000] {processor.py:830} INFO - Processing file /opt/airflow/dags/ecar_dag.py for tasks to queue
[2025-10-24T11:02:11.757+0000] {logging_mixin.py:188} INFO - [2025-10-24T11:02:11.757+0000] {dagbag.py:545} INFO - Filling up the DagBag from /opt/airflow/dags/ecar_dag.py
[2025-10-24T11:02:11.776+0000] {processor.py:840} INFO - DAG(s) 'ecar_etl_pipeline' retrieved from /opt/airflow/dags/ecar_dag.py
[2025-10-24T11:02:11.814+0000] {logging_mixin.py:188} INFO - [2025-10-24T11:02:11.814+0000] {dag.py:3096} INFO - Sync 1 DAGs
[2025-10-24T11:02:11.831+0000] {logging_mixin.py:188} INFO - [2025-10-24T11:02:11.831+0000] {dag.py:3954} INFO - Setting next_dagrun for ecar_etl_pipeline to 2025-10-24 00:00:00+00:00, run_after=2025-10-25 00:00:00+00:00
[2025-10-24T11:02:11.845+0000] {processor.py:183} INFO - Processing /opt/airflow/dags/ecar_dag.py took 0.098 seconds
[2025-10-24T11:02:42.206+0000] {processor.py:161} INFO - Started process (PID=187) to work on /opt/airflow/dags/ecar_dag.py
[2025-10-24T11:02:42.207+0000] {processor.py:830} INFO - Processing file /opt/airflow/dags/ecar_dag.py for tasks to queue
[2025-10-24T11:02:42.209+0000] {logging_mixin.py:188} INFO - [2025-10-24T11:02:42.209+0000] {dagbag.py:545} INFO - Filling up the DagBag from /opt/airflow/dags/ecar_dag.py
[2025-10-24T11:02:42.223+0000] {processor.py:840} INFO - DAG(s) 'ecar_etl_pipeline' retrieved from /opt/airflow/dags/ecar_dag.py
[2025-10-24T11:02:42.253+0000] {logging_mixin.py:188} INFO - [2025-10-24T11:02:42.253+0000] {dag.py:3096} INFO - Sync 1 DAGs
[2025-10-24T11:02:42.267+0000] {logging_mixin.py:188} INFO - [2025-10-24T11:02:42.267+0000] {dag.py:3954} INFO - Setting next_dagrun for ecar_etl_pipeline to 2025-10-24 00:00:00+00:00, run_after=2025-10-25 00:00:00+00:00
[2025-10-24T11:02:42.278+0000] {processor.py:183} INFO - Processing /opt/airflow/dags/ecar_dag.py took 0.082 seconds
[2025-10-24T11:03:08.926+0000] {processor.py:161} INFO - Started process (PID=163) to work on /opt/airflow/dags/ecar_dag.py
[2025-10-24T11:03:08.934+0000] {processor.py:830} INFO - Processing file /opt/airflow/dags/ecar_dag.py for tasks to queue
[2025-10-24T11:03:08.943+0000] {logging_mixin.py:188} INFO - [2025-10-24T11:03:08.942+0000] {dagbag.py:545} INFO - Filling up the DagBag from /opt/airflow/dags/ecar_dag.py
[2025-10-24T11:03:08.967+0000] {processor.py:840} INFO - DAG(s) 'ecar_etl_pipeline' retrieved from /opt/airflow/dags/ecar_dag.py
[2025-10-24T11:03:09.013+0000] {logging_mixin.py:188} INFO - [2025-10-24T11:03:09.013+0000] {dag.py:3096} INFO - Sync 1 DAGs
[2025-10-24T11:03:09.036+0000] {logging_mixin.py:188} INFO - [2025-10-24T11:03:09.036+0000] {dag.py:3954} INFO - Setting next_dagrun for ecar_etl_pipeline to 2025-10-24 00:00:00+00:00, run_after=2025-10-25 00:00:00+00:00
[2025-10-24T11:03:09.047+0000] {processor.py:183} INFO - Processing /opt/airflow/dags/ecar_dag.py took 0.136 seconds
[2025-10-24T11:03:39.241+0000] {processor.py:161} INFO - Started process (PID=169) to work on /opt/airflow/dags/ecar_dag.py
[2025-10-24T11:03:39.242+0000] {processor.py:830} INFO - Processing file /opt/airflow/dags/ecar_dag.py for tasks to queue
[2025-10-24T11:03:39.245+0000] {logging_mixin.py:188} INFO - [2025-10-24T11:03:39.244+0000] {dagbag.py:545} INFO - Filling up the DagBag from /opt/airflow/dags/ecar_dag.py
[2025-10-24T11:03:39.269+0000] {processor.py:840} INFO - DAG(s) 'ecar_etl_pipeline' retrieved from /opt/airflow/dags/ecar_dag.py
[2025-10-24T11:03:39.294+0000] {logging_mixin.py:188} INFO - [2025-10-24T11:03:39.294+0000] {dag.py:3096} INFO - Sync 1 DAGs
[2025-10-24T11:03:39.315+0000] {logging_mixin.py:188} INFO - [2025-10-24T11:03:39.315+0000] {dag.py:3954} INFO - Setting next_dagrun for ecar_etl_pipeline to 2025-10-24 00:00:00+00:00, run_after=2025-10-25 00:00:00+00:00
[2025-10-24T11:03:39.324+0000] {processor.py:183} INFO - Processing /opt/airflow/dags/ecar_dag.py took 0.089 seconds
[2025-10-24T11:04:09.698+0000] {processor.py:161} INFO - Started process (PID=177) to work on /opt/airflow/dags/ecar_dag.py
[2025-10-24T11:04:09.699+0000] {processor.py:830} INFO - Processing file /opt/airflow/dags/ecar_dag.py for tasks to queue
[2025-10-24T11:04:09.702+0000] {logging_mixin.py:188} INFO - [2025-10-24T11:04:09.701+0000] {dagbag.py:545} INFO - Filling up the DagBag from /opt/airflow/dags/ecar_dag.py
[2025-10-24T11:04:09.720+0000] {processor.py:840} INFO - DAG(s) 'ecar_etl_pipeline' retrieved from /opt/airflow/dags/ecar_dag.py
[2025-10-24T11:04:09.747+0000] {logging_mixin.py:188} INFO - [2025-10-24T11:04:09.747+0000] {dag.py:3096} INFO - Sync 1 DAGs
[2025-10-24T11:04:09.763+0000] {logging_mixin.py:188} INFO - [2025-10-24T11:04:09.763+0000] {dag.py:3954} INFO - Setting next_dagrun for ecar_etl_pipeline to 2025-10-24 00:00:00+00:00, run_after=2025-10-25 00:00:00+00:00
[2025-10-24T11:04:09.772+0000] {processor.py:183} INFO - Processing /opt/airflow/dags/ecar_dag.py took 0.083 seconds
[2025-10-24T11:04:40.228+0000] {processor.py:161} INFO - Started process (PID=182) to work on /opt/airflow/dags/ecar_dag.py
[2025-10-24T11:04:40.229+0000] {processor.py:830} INFO - Processing file /opt/airflow/dags/ecar_dag.py for tasks to queue
[2025-10-24T11:04:40.232+0000] {logging_mixin.py:188} INFO - [2025-10-24T11:04:40.231+0000] {dagbag.py:545} INFO - Filling up the DagBag from /opt/airflow/dags/ecar_dag.py
[2025-10-24T11:04:40.264+0000] {processor.py:840} INFO - DAG(s) 'ecar_etl_pipeline' retrieved from /opt/airflow/dags/ecar_dag.py
[2025-10-24T11:04:40.295+0000] {logging_mixin.py:188} INFO - [2025-10-24T11:04:40.295+0000] {dag.py:3096} INFO - Sync 1 DAGs
[2025-10-24T11:04:40.311+0000] {logging_mixin.py:188} INFO - [2025-10-24T11:04:40.310+0000] {dag.py:3954} INFO - Setting next_dagrun for ecar_etl_pipeline to 2025-10-24 00:00:00+00:00, run_after=2025-10-25 00:00:00+00:00
[2025-10-24T11:04:40.332+0000] {processor.py:183} INFO - Processing /opt/airflow/dags/ecar_dag.py took 0.119 seconds
[2025-10-24T11:05:02.116+0000] {processor.py:161} INFO - Started process (PID=164) to work on /opt/airflow/dags/ecar_dag.py
[2025-10-24T11:05:02.122+0000] {processor.py:830} INFO - Processing file /opt/airflow/dags/ecar_dag.py for tasks to queue
[2025-10-24T11:05:02.132+0000] {logging_mixin.py:188} INFO - [2025-10-24T11:05:02.130+0000] {dagbag.py:545} INFO - Filling up the DagBag from /opt/airflow/dags/ecar_dag.py
[2025-10-24T11:05:02.167+0000] {processor.py:840} INFO - DAG(s) 'ecar_etl_pipeline' retrieved from /opt/airflow/dags/ecar_dag.py
[2025-10-24T11:05:02.219+0000] {logging_mixin.py:188} INFO - [2025-10-24T11:05:02.219+0000] {dag.py:3096} INFO - Sync 1 DAGs
[2025-10-24T11:05:02.244+0000] {logging_mixin.py:188} INFO - [2025-10-24T11:05:02.244+0000] {dag.py:3954} INFO - Setting next_dagrun for ecar_etl_pipeline to 2025-10-24 00:00:00+00:00, run_after=2025-10-25 00:00:00+00:00
[2025-10-24T11:05:02.259+0000] {processor.py:183} INFO - Processing /opt/airflow/dags/ecar_dag.py took 0.174 seconds
[2025-10-24T11:05:32.481+0000] {processor.py:161} INFO - Started process (PID=169) to work on /opt/airflow/dags/ecar_dag.py
[2025-10-24T11:05:32.483+0000] {processor.py:830} INFO - Processing file /opt/airflow/dags/ecar_dag.py for tasks to queue
[2025-10-24T11:05:32.489+0000] {logging_mixin.py:188} INFO - [2025-10-24T11:05:32.488+0000] {dagbag.py:545} INFO - Filling up the DagBag from /opt/airflow/dags/ecar_dag.py
[2025-10-24T11:05:32.508+0000] {processor.py:840} INFO - DAG(s) 'ecar_etl_pipeline' retrieved from /opt/airflow/dags/ecar_dag.py
[2025-10-24T11:05:32.757+0000] {logging_mixin.py:188} INFO - [2025-10-24T11:05:32.757+0000] {dag.py:3096} INFO - Sync 1 DAGs
[2025-10-24T11:05:32.774+0000] {logging_mixin.py:188} INFO - [2025-10-24T11:05:32.773+0000] {dag.py:3954} INFO - Setting next_dagrun for ecar_etl_pipeline to 2025-10-24 00:00:00+00:00, run_after=2025-10-25 00:00:00+00:00
[2025-10-24T11:05:32.785+0000] {processor.py:183} INFO - Processing /opt/airflow/dags/ecar_dag.py took 0.311 seconds
[2025-10-24T11:06:02.862+0000] {processor.py:161} INFO - Started process (PID=174) to work on /opt/airflow/dags/ecar_dag.py
[2025-10-24T11:06:02.862+0000] {processor.py:830} INFO - Processing file /opt/airflow/dags/ecar_dag.py for tasks to queue
[2025-10-24T11:06:02.864+0000] {logging_mixin.py:188} INFO - [2025-10-24T11:06:02.864+0000] {dagbag.py:545} INFO - Filling up the DagBag from /opt/airflow/dags/ecar_dag.py
[2025-10-24T11:06:02.877+0000] {processor.py:840} INFO - DAG(s) 'ecar_etl_pipeline' retrieved from /opt/airflow/dags/ecar_dag.py
[2025-10-24T11:06:02.904+0000] {logging_mixin.py:188} INFO - [2025-10-24T11:06:02.904+0000] {dag.py:3096} INFO - Sync 1 DAGs
[2025-10-24T11:06:02.921+0000] {logging_mixin.py:188} INFO - [2025-10-24T11:06:02.921+0000] {dag.py:3954} INFO - Setting next_dagrun for ecar_etl_pipeline to 2025-10-24 00:00:00+00:00, run_after=2025-10-25 00:00:00+00:00
[2025-10-24T11:06:02.934+0000] {processor.py:183} INFO - Processing /opt/airflow/dags/ecar_dag.py took 0.077 seconds
[2025-10-24T11:06:33.235+0000] {processor.py:161} INFO - Started process (PID=189) to work on /opt/airflow/dags/ecar_dag.py
[2025-10-24T11:06:33.236+0000] {processor.py:830} INFO - Processing file /opt/airflow/dags/ecar_dag.py for tasks to queue
[2025-10-24T11:06:33.238+0000] {logging_mixin.py:188} INFO - [2025-10-24T11:06:33.237+0000] {dagbag.py:545} INFO - Filling up the DagBag from /opt/airflow/dags/ecar_dag.py
[2025-10-24T11:06:33.252+0000] {processor.py:840} INFO - DAG(s) 'ecar_etl_pipeline' retrieved from /opt/airflow/dags/ecar_dag.py
[2025-10-24T11:06:33.285+0000] {logging_mixin.py:188} INFO - [2025-10-24T11:06:33.285+0000] {dag.py:3096} INFO - Sync 1 DAGs
[2025-10-24T11:06:33.304+0000] {logging_mixin.py:188} INFO - [2025-10-24T11:06:33.304+0000] {dag.py:3954} INFO - Setting next_dagrun for ecar_etl_pipeline to 2025-10-24 00:00:00+00:00, run_after=2025-10-25 00:00:00+00:00
[2025-10-24T11:06:33.314+0000] {processor.py:183} INFO - Processing /opt/airflow/dags/ecar_dag.py took 0.089 seconds
[2025-10-24T11:07:03.665+0000] {processor.py:161} INFO - Started process (PID=201) to work on /opt/airflow/dags/ecar_dag.py
[2025-10-24T11:07:03.666+0000] {processor.py:830} INFO - Processing file /opt/airflow/dags/ecar_dag.py for tasks to queue
[2025-10-24T11:07:03.669+0000] {logging_mixin.py:188} INFO - [2025-10-24T11:07:03.668+0000] {dagbag.py:545} INFO - Filling up the DagBag from /opt/airflow/dags/ecar_dag.py
[2025-10-24T11:07:03.685+0000] {processor.py:840} INFO - DAG(s) 'ecar_etl_pipeline' retrieved from /opt/airflow/dags/ecar_dag.py
[2025-10-24T11:07:03.711+0000] {logging_mixin.py:188} INFO - [2025-10-24T11:07:03.710+0000] {dag.py:3096} INFO - Sync 1 DAGs
[2025-10-24T11:07:03.724+0000] {logging_mixin.py:188} INFO - [2025-10-24T11:07:03.724+0000] {dag.py:3954} INFO - Setting next_dagrun for ecar_etl_pipeline to 2025-10-24 00:00:00+00:00, run_after=2025-10-25 00:00:00+00:00
[2025-10-24T11:07:03.732+0000] {processor.py:183} INFO - Processing /opt/airflow/dags/ecar_dag.py took 0.074 seconds
[2025-10-24T11:07:34.019+0000] {processor.py:161} INFO - Started process (PID=210) to work on /opt/airflow/dags/ecar_dag.py
[2025-10-24T11:07:34.021+0000] {processor.py:830} INFO - Processing file /opt/airflow/dags/ecar_dag.py for tasks to queue
[2025-10-24T11:07:34.023+0000] {logging_mixin.py:188} INFO - [2025-10-24T11:07:34.022+0000] {dagbag.py:545} INFO - Filling up the DagBag from /opt/airflow/dags/ecar_dag.py
[2025-10-24T11:07:34.037+0000] {processor.py:840} INFO - DAG(s) 'ecar_etl_pipeline' retrieved from /opt/airflow/dags/ecar_dag.py
[2025-10-24T11:07:34.062+0000] {logging_mixin.py:188} INFO - [2025-10-24T11:07:34.062+0000] {dag.py:3096} INFO - Sync 1 DAGs
[2025-10-24T11:07:34.078+0000] {logging_mixin.py:188} INFO - [2025-10-24T11:07:34.078+0000] {dag.py:3954} INFO - Setting next_dagrun for ecar_etl_pipeline to 2025-10-24 00:00:00+00:00, run_after=2025-10-25 00:00:00+00:00
[2025-10-24T11:07:34.088+0000] {processor.py:183} INFO - Processing /opt/airflow/dags/ecar_dag.py took 0.080 seconds
[2025-10-24T11:08:04.372+0000] {processor.py:161} INFO - Started process (PID=215) to work on /opt/airflow/dags/ecar_dag.py
[2025-10-24T11:08:04.373+0000] {processor.py:830} INFO - Processing file /opt/airflow/dags/ecar_dag.py for tasks to queue
[2025-10-24T11:08:04.375+0000] {logging_mixin.py:188} INFO - [2025-10-24T11:08:04.375+0000] {dagbag.py:545} INFO - Filling up the DagBag from /opt/airflow/dags/ecar_dag.py
[2025-10-24T11:08:04.390+0000] {processor.py:840} INFO - DAG(s) 'ecar_etl_pipeline' retrieved from /opt/airflow/dags/ecar_dag.py
[2025-10-24T11:08:04.445+0000] {logging_mixin.py:188} INFO - [2025-10-24T11:08:04.444+0000] {dag.py:3096} INFO - Sync 1 DAGs
[2025-10-24T11:08:04.472+0000] {logging_mixin.py:188} INFO - [2025-10-24T11:08:04.472+0000] {dag.py:3954} INFO - Setting next_dagrun for ecar_etl_pipeline to 2025-10-24 00:00:00+00:00, run_after=2025-10-25 00:00:00+00:00
[2025-10-24T11:08:04.497+0000] {processor.py:183} INFO - Processing /opt/airflow/dags/ecar_dag.py took 0.133 seconds
[2025-10-24T11:08:15.661+0000] {processor.py:161} INFO - Started process (PID=220) to work on /opt/airflow/dags/ecar_dag.py
[2025-10-24T11:08:15.662+0000] {processor.py:830} INFO - Processing file /opt/airflow/dags/ecar_dag.py for tasks to queue
[2025-10-24T11:08:15.664+0000] {logging_mixin.py:188} INFO - [2025-10-24T11:08:15.664+0000] {dagbag.py:545} INFO - Filling up the DagBag from /opt/airflow/dags/ecar_dag.py
[2025-10-24T11:08:15.687+0000] {processor.py:840} INFO - DAG(s) 'ecar_etl_pipeline' retrieved from /opt/airflow/dags/ecar_dag.py
[2025-10-24T11:08:15.732+0000] {logging_mixin.py:188} INFO - [2025-10-24T11:08:15.731+0000] {dag.py:3096} INFO - Sync 1 DAGs
[2025-10-24T11:08:15.749+0000] {logging_mixin.py:188} INFO - [2025-10-24T11:08:15.749+0000] {dag.py:3954} INFO - Setting next_dagrun for ecar_etl_pipeline to 2025-10-24 00:00:00+00:00, run_after=2025-10-25 00:00:00+00:00
[2025-10-24T11:08:15.759+0000] {processor.py:183} INFO - Processing /opt/airflow/dags/ecar_dag.py took 0.111 seconds
[2025-10-24T11:08:46.180+0000] {processor.py:161} INFO - Started process (PID=225) to work on /opt/airflow/dags/ecar_dag.py
[2025-10-24T11:08:46.181+0000] {processor.py:830} INFO - Processing file /opt/airflow/dags/ecar_dag.py for tasks to queue
[2025-10-24T11:08:46.183+0000] {logging_mixin.py:188} INFO - [2025-10-24T11:08:46.183+0000] {dagbag.py:545} INFO - Filling up the DagBag from /opt/airflow/dags/ecar_dag.py
[2025-10-24T11:08:46.198+0000] {processor.py:840} INFO - DAG(s) 'ecar_etl_pipeline' retrieved from /opt/airflow/dags/ecar_dag.py
[2025-10-24T11:08:46.223+0000] {logging_mixin.py:188} INFO - [2025-10-24T11:08:46.223+0000] {dag.py:3096} INFO - Sync 1 DAGs
[2025-10-24T11:08:46.236+0000] {logging_mixin.py:188} INFO - [2025-10-24T11:08:46.236+0000] {dag.py:3954} INFO - Setting next_dagrun for ecar_etl_pipeline to 2025-10-24 00:00:00+00:00, run_after=2025-10-25 00:00:00+00:00
[2025-10-24T11:08:46.244+0000] {processor.py:183} INFO - Processing /opt/airflow/dags/ecar_dag.py took 0.070 seconds
[2025-10-24T11:09:16.540+0000] {processor.py:161} INFO - Started process (PID=230) to work on /opt/airflow/dags/ecar_dag.py
[2025-10-24T11:09:16.542+0000] {processor.py:830} INFO - Processing file /opt/airflow/dags/ecar_dag.py for tasks to queue
[2025-10-24T11:09:16.544+0000] {logging_mixin.py:188} INFO - [2025-10-24T11:09:16.544+0000] {dagbag.py:545} INFO - Filling up the DagBag from /opt/airflow/dags/ecar_dag.py
[2025-10-24T11:09:16.563+0000] {processor.py:840} INFO - DAG(s) 'ecar_etl_pipeline' retrieved from /opt/airflow/dags/ecar_dag.py
[2025-10-24T11:09:16.593+0000] {logging_mixin.py:188} INFO - [2025-10-24T11:09:16.593+0000] {dag.py:3096} INFO - Sync 1 DAGs
[2025-10-24T11:09:16.609+0000] {logging_mixin.py:188} INFO - [2025-10-24T11:09:16.609+0000] {dag.py:3954} INFO - Setting next_dagrun for ecar_etl_pipeline to 2025-10-24 00:00:00+00:00, run_after=2025-10-25 00:00:00+00:00
[2025-10-24T11:09:16.618+0000] {processor.py:183} INFO - Processing /opt/airflow/dags/ecar_dag.py took 0.089 seconds
[2025-10-24T11:09:46.935+0000] {processor.py:161} INFO - Started process (PID=235) to work on /opt/airflow/dags/ecar_dag.py
[2025-10-24T11:09:46.937+0000] {processor.py:830} INFO - Processing file /opt/airflow/dags/ecar_dag.py for tasks to queue
[2025-10-24T11:09:46.940+0000] {logging_mixin.py:188} INFO - [2025-10-24T11:09:46.939+0000] {dagbag.py:545} INFO - Filling up the DagBag from /opt/airflow/dags/ecar_dag.py
[2025-10-24T11:09:46.957+0000] {processor.py:840} INFO - DAG(s) 'ecar_etl_pipeline' retrieved from /opt/airflow/dags/ecar_dag.py
[2025-10-24T11:09:46.981+0000] {logging_mixin.py:188} INFO - [2025-10-24T11:09:46.981+0000] {dag.py:3096} INFO - Sync 1 DAGs
[2025-10-24T11:09:46.997+0000] {logging_mixin.py:188} INFO - [2025-10-24T11:09:46.997+0000] {dag.py:3954} INFO - Setting next_dagrun for ecar_etl_pipeline to 2025-10-24 00:00:00+00:00, run_after=2025-10-25 00:00:00+00:00
[2025-10-24T11:09:47.005+0000] {processor.py:183} INFO - Processing /opt/airflow/dags/ecar_dag.py took 0.082 seconds
[2025-10-24T11:10:29.748+0000] {processor.py:161} INFO - Started process (PID=164) to work on /opt/airflow/dags/ecar_dag.py
[2025-10-24T11:10:29.755+0000] {processor.py:830} INFO - Processing file /opt/airflow/dags/ecar_dag.py for tasks to queue
[2025-10-24T11:10:29.764+0000] {logging_mixin.py:188} INFO - [2025-10-24T11:10:29.764+0000] {dagbag.py:545} INFO - Filling up the DagBag from /opt/airflow/dags/ecar_dag.py
[2025-10-24T11:10:29.784+0000] {processor.py:840} INFO - DAG(s) 'ecar_etl_pipeline' retrieved from /opt/airflow/dags/ecar_dag.py
[2025-10-24T11:10:29.867+0000] {logging_mixin.py:188} INFO - [2025-10-24T11:10:29.866+0000] {dag.py:3096} INFO - Sync 1 DAGs
[2025-10-24T11:10:29.898+0000] {logging_mixin.py:188} INFO - [2025-10-24T11:10:29.897+0000] {dag.py:3954} INFO - Setting next_dagrun for ecar_etl_pipeline to 2025-10-24 00:00:00+00:00, run_after=2025-10-25 00:00:00+00:00
[2025-10-24T11:10:29.934+0000] {processor.py:183} INFO - Processing /opt/airflow/dags/ecar_dag.py took 0.205 seconds
[2025-10-24T11:11:00.207+0000] {processor.py:161} INFO - Started process (PID=172) to work on /opt/airflow/dags/ecar_dag.py
[2025-10-24T11:11:00.208+0000] {processor.py:830} INFO - Processing file /opt/airflow/dags/ecar_dag.py for tasks to queue
[2025-10-24T11:11:00.211+0000] {logging_mixin.py:188} INFO - [2025-10-24T11:11:00.211+0000] {dagbag.py:545} INFO - Filling up the DagBag from /opt/airflow/dags/ecar_dag.py
[2025-10-24T11:11:00.233+0000] {processor.py:840} INFO - DAG(s) 'ecar_etl_pipeline' retrieved from /opt/airflow/dags/ecar_dag.py
[2025-10-24T11:11:00.276+0000] {logging_mixin.py:188} INFO - [2025-10-24T11:11:00.276+0000] {dag.py:3096} INFO - Sync 1 DAGs
[2025-10-24T11:11:00.298+0000] {logging_mixin.py:188} INFO - [2025-10-24T11:11:00.298+0000] {dag.py:3954} INFO - Setting next_dagrun for ecar_etl_pipeline to 2025-10-24 00:00:00+00:00, run_after=2025-10-25 00:00:00+00:00
[2025-10-24T11:11:00.312+0000] {processor.py:183} INFO - Processing /opt/airflow/dags/ecar_dag.py took 0.115 seconds
[2025-10-24T11:11:30.605+0000] {processor.py:161} INFO - Started process (PID=177) to work on /opt/airflow/dags/ecar_dag.py
[2025-10-24T11:11:30.606+0000] {processor.py:830} INFO - Processing file /opt/airflow/dags/ecar_dag.py for tasks to queue
[2025-10-24T11:11:30.612+0000] {logging_mixin.py:188} INFO - [2025-10-24T11:11:30.611+0000] {dagbag.py:545} INFO - Filling up the DagBag from /opt/airflow/dags/ecar_dag.py
[2025-10-24T11:11:30.627+0000] {processor.py:840} INFO - DAG(s) 'ecar_etl_pipeline' retrieved from /opt/airflow/dags/ecar_dag.py
[2025-10-24T11:11:30.661+0000] {logging_mixin.py:188} INFO - [2025-10-24T11:11:30.661+0000] {dag.py:3096} INFO - Sync 1 DAGs
[2025-10-24T11:11:30.673+0000] {logging_mixin.py:188} INFO - [2025-10-24T11:11:30.673+0000] {dag.py:3954} INFO - Setting next_dagrun for ecar_etl_pipeline to 2025-10-24 00:00:00+00:00, run_after=2025-10-25 00:00:00+00:00
[2025-10-24T11:11:30.681+0000] {processor.py:183} INFO - Processing /opt/airflow/dags/ecar_dag.py took 0.082 seconds
[2025-10-24T11:12:00.966+0000] {processor.py:161} INFO - Started process (PID=182) to work on /opt/airflow/dags/ecar_dag.py
[2025-10-24T11:12:00.967+0000] {processor.py:830} INFO - Processing file /opt/airflow/dags/ecar_dag.py for tasks to queue
[2025-10-24T11:12:00.970+0000] {logging_mixin.py:188} INFO - [2025-10-24T11:12:00.969+0000] {dagbag.py:545} INFO - Filling up the DagBag from /opt/airflow/dags/ecar_dag.py
[2025-10-24T11:12:00.992+0000] {processor.py:840} INFO - DAG(s) 'ecar_etl_pipeline' retrieved from /opt/airflow/dags/ecar_dag.py
[2025-10-24T11:12:01.019+0000] {logging_mixin.py:188} INFO - [2025-10-24T11:12:01.019+0000] {dag.py:3096} INFO - Sync 1 DAGs
[2025-10-24T11:12:01.032+0000] {logging_mixin.py:188} INFO - [2025-10-24T11:12:01.032+0000] {dag.py:3954} INFO - Setting next_dagrun for ecar_etl_pipeline to 2025-10-24 00:00:00+00:00, run_after=2025-10-25 00:00:00+00:00
[2025-10-24T11:12:01.040+0000] {processor.py:183} INFO - Processing /opt/airflow/dags/ecar_dag.py took 0.090 seconds
[2025-10-24T11:12:31.350+0000] {processor.py:161} INFO - Started process (PID=187) to work on /opt/airflow/dags/ecar_dag.py
[2025-10-24T11:12:31.351+0000] {processor.py:830} INFO - Processing file /opt/airflow/dags/ecar_dag.py for tasks to queue
[2025-10-24T11:12:31.353+0000] {logging_mixin.py:188} INFO - [2025-10-24T11:12:31.353+0000] {dagbag.py:545} INFO - Filling up the DagBag from /opt/airflow/dags/ecar_dag.py
[2025-10-24T11:12:31.371+0000] {processor.py:840} INFO - DAG(s) 'ecar_etl_pipeline' retrieved from /opt/airflow/dags/ecar_dag.py
[2025-10-24T11:12:31.398+0000] {logging_mixin.py:188} INFO - [2025-10-24T11:12:31.398+0000] {dag.py:3096} INFO - Sync 1 DAGs
[2025-10-24T11:12:31.410+0000] {logging_mixin.py:188} INFO - [2025-10-24T11:12:31.410+0000] {dag.py:3954} INFO - Setting next_dagrun for ecar_etl_pipeline to 2025-10-24 00:00:00+00:00, run_after=2025-10-25 00:00:00+00:00
[2025-10-24T11:12:31.419+0000] {processor.py:183} INFO - Processing /opt/airflow/dags/ecar_dag.py took 0.080 seconds
[2025-10-24T11:13:01.701+0000] {processor.py:161} INFO - Started process (PID=192) to work on /opt/airflow/dags/ecar_dag.py
[2025-10-24T11:13:01.702+0000] {processor.py:830} INFO - Processing file /opt/airflow/dags/ecar_dag.py for tasks to queue
[2025-10-24T11:13:01.704+0000] {logging_mixin.py:188} INFO - [2025-10-24T11:13:01.704+0000] {dagbag.py:545} INFO - Filling up the DagBag from /opt/airflow/dags/ecar_dag.py
[2025-10-24T11:13:01.721+0000] {processor.py:840} INFO - DAG(s) 'ecar_etl_pipeline' retrieved from /opt/airflow/dags/ecar_dag.py
[2025-10-24T11:13:01.752+0000] {logging_mixin.py:188} INFO - [2025-10-24T11:13:01.751+0000] {dag.py:3096} INFO - Sync 1 DAGs
[2025-10-24T11:13:01.789+0000] {logging_mixin.py:188} INFO - [2025-10-24T11:13:01.788+0000] {dag.py:3954} INFO - Setting next_dagrun for ecar_etl_pipeline to 2025-10-24 00:00:00+00:00, run_after=2025-10-25 00:00:00+00:00
[2025-10-24T11:13:01.804+0000] {processor.py:183} INFO - Processing /opt/airflow/dags/ecar_dag.py took 0.113 seconds
